=== Automation started at 2025-11-04 14:00:56.876251 ===

======================================================================
🚀 KAGGLE AUTOMATION PIPELINE
======================================================================

[14:00:56] Pushing notebook to Kaggle...
✅ Pushed successfully

[14:00:58] Waiting for notebook execution...
   ⏳ Running... (0s)
   ⏳ Running... (64s)
✅ Complete after 90s

[14:02:29] Downloading results...
✅ Downloaded

📋 Notebook log saved: logs/polymer-v2-enhanced-tc-tg-augmentation_20251104_140230.log
[14:02:30] Submitting to competition...
✅ Submitted

[14:02:31] Waiting for scores...
   ⏳ Waiting... (0s)
   ⏳ Waiting... (60s)
✅ Scores received!

fileName,date,description,status,publicScore,privateScore
submission.csv,2025-11-04 22:01:56.413000,,SubmissionStatus.COMPLETE,0.10125,0.08008

Previous:
submission.csv,2025-11-04 21:52:43,,SubmissionStatus.COMPLETE,0.10125,0.08008
submission.csv,2025-10-31 18:10:28.907000,,SubmissionStatus.COMPLETE,0.11413,0.08334
submission.csv,2025-10-31 17:52:35.073000,,SubmissionStatus.COMPLETE,0.10049,0.08548

======================================================================
✅ DONE! Total time: 2m 47s
======================================================================

